0 info it worked if it ends with ok
1 verbose cli [ '/usr/bin/nodejs', '/usr/bin/npm', 'install', 'node' ]
2 info using npm@3.5.2
3 info using node@v4.2.6
4 silly loadCurrentTree Starting
5 silly install loadCurrentTree
6 silly install readLocalPackageData
7 silly fetchPackageMetaData node
8 silly fetchNamedPackageData node
9 silly mapToRegistry name node
10 silly mapToRegistry using default registry
11 silly mapToRegistry registry https://registry.npmjs.org/
12 silly mapToRegistry uri https://registry.npmjs.org/node
13 verbose request uri https://registry.npmjs.org/node
14 verbose request no auth needed
15 info attempt registry request try #1 at 14:22:30
16 verbose request id 75312314742425ae
17 http request GET https://registry.npmjs.org/node
18 http 200 https://registry.npmjs.org/node
19 verbose headers { 'content-type': 'application/json; charset=UTF-8',
19 verbose headers   server: 'UploadServer',
19 verbose headers   'cache-control': 'max-age=300',
19 verbose headers   'last-modified': 'Thu, 5 Apr 2018 3:52:35 GMT',
19 verbose headers   etag: '"5ac59d83-5b320"',
19 verbose headers   'x-npm-region': 'SA-East',
19 verbose headers   'content-encoding': 'gzip',
19 verbose headers   'content-length': '58789',
19 verbose headers   'accept-ranges': 'bytes',
19 verbose headers   date: 'Sat, 14 Apr 2018 17:22:30 GMT',
19 verbose headers   via: '1.1 varnish',
19 verbose headers   age: '0',
19 verbose headers   connection: 'keep-alive',
19 verbose headers   'x-served-by': 'cache-gru17133-GRU',
19 verbose headers   'x-cache': 'MISS',
19 verbose headers   'x-cache-hits': '0',
19 verbose headers   'x-timer': 'S1523726550.480101,VS0,VE258',
19 verbose headers   vary: 'Accept-Encoding, Accept' }
20 silly get cb [ 200,
20 silly get   { 'content-type': 'application/json; charset=UTF-8',
20 silly get     server: 'UploadServer',
20 silly get     'cache-control': 'max-age=300',
20 silly get     'last-modified': 'Thu, 5 Apr 2018 3:52:35 GMT',
20 silly get     etag: '"5ac59d83-5b320"',
20 silly get     'x-npm-region': 'SA-East',
20 silly get     'content-encoding': 'gzip',
20 silly get     'content-length': '58789',
20 silly get     'accept-ranges': 'bytes',
20 silly get     date: 'Sat, 14 Apr 2018 17:22:30 GMT',
20 silly get     via: '1.1 varnish',
20 silly get     age: '0',
20 silly get     connection: 'keep-alive',
20 silly get     'x-served-by': 'cache-gru17133-GRU',
20 silly get     'x-cache': 'MISS',
20 silly get     'x-cache-hits': '0',
20 silly get     'x-timer': 'S1523726550.480101,VS0,VE258',
20 silly get     vary: 'Accept-Encoding, Accept' } ]
21 verbose get saving node to /home/cardelli/.npm/registry.npmjs.org/node/.cache.json
22 silly install normalizeTree
23 silly loadCurrentTree Finishing
24 silly loadIdealTree Starting
25 silly install loadIdealTree
26 silly cloneCurrentTree Starting
27 silly install cloneCurrentTreeToIdealTree
28 silly cloneCurrentTree Finishing
29 silly loadShrinkwrap Starting
30 silly install loadShrinkwrap
31 silly loadShrinkwrap Finishing
32 silly loadAllDepsIntoIdealTree Starting
33 silly install loadAllDepsIntoIdealTree
34 silly resolveWithNewModule node@9.11.0 checking installable status
35 silly cache add args [ 'node', null ]
36 verbose cache add spec node
37 silly cache add parsed spec Result {
37 silly cache add   raw: 'node',
37 silly cache add   scope: null,
37 silly cache add   name: 'node',
37 silly cache add   rawSpec: '',
37 silly cache add   spec: 'latest',
37 silly cache add   type: 'tag' }
38 silly addNamed node@latest
39 verbose addNamed "latest" is being treated as a dist-tag for node
40 info addNameTag [ 'node', 'latest' ]
41 silly mapToRegistry name node
42 silly mapToRegistry using default registry
43 silly mapToRegistry registry https://registry.npmjs.org/
44 silly mapToRegistry uri https://registry.npmjs.org/node
45 verbose addNameTag registry:https://registry.npmjs.org/node not in flight; fetching
46 verbose get https://registry.npmjs.org/node not expired, no request
47 silly addNameTag next cb for node with tag latest
48 silly addNamed node@9.11.0
49 verbose addNamed "9.11.0" is a plain semver version for node
50 silly mapToRegistry name node
51 silly mapToRegistry using default registry
52 silly mapToRegistry registry https://registry.npmjs.org/
53 silly mapToRegistry uri https://registry.npmjs.org/node
54 verbose addRemoteTarball https://registry.npmjs.org/node/-/node-9.11.0.tgz not in flight; adding
55 verbose addRemoteTarball [ 'https://registry.npmjs.org/node/-/node-9.11.0.tgz',
55 verbose addRemoteTarball   '84dfe1207e48469d56fe12af59dd6450a9fbd04f' ]
56 info retry fetch attempt 1 at 14:22:30
57 info attempt registry request try #1 at 14:22:30
58 http fetch GET https://registry.npmjs.org/node/-/node-9.11.0.tgz
59 http fetch 200 https://registry.npmjs.org/node/-/node-9.11.0.tgz
60 silly fetchAndShaCheck shasum 84dfe1207e48469d56fe12af59dd6450a9fbd04f
61 verbose addTmpTarball /tmp/npm-4337-37095220/registry.npmjs.org/node/-/node-9.11.0.tgz not in flight; adding
62 verbose addTmpTarball already have metadata; skipping unpack for node@9.11.0
63 silly cache afterAdd node@9.11.0
64 verbose afterAdd /home/cardelli/.npm/node/9.11.0/package/package.json not in flight; writing
65 verbose afterAdd /home/cardelli/.npm/node/9.11.0/package/package.json written
66 silly fetchNamedPackageData node-bin-setup
67 silly mapToRegistry name node-bin-setup
68 silly mapToRegistry using default registry
69 silly mapToRegistry registry https://registry.npmjs.org/
70 silly mapToRegistry uri https://registry.npmjs.org/node-bin-setup
71 verbose request uri https://registry.npmjs.org/node-bin-setup
72 verbose request no auth needed
73 info attempt registry request try #1 at 14:22:30
74 http request GET https://registry.npmjs.org/node-bin-setup
75 http 200 https://registry.npmjs.org/node-bin-setup
76 verbose headers { 'content-type': 'application/json; charset=UTF-8',
76 verbose headers   server: 'UploadServer',
76 verbose headers   'cache-control': 'max-age=300',
76 verbose headers   'last-modified': 'Tue, 25 Jul 2017 3:32:58 GMT',
76 verbose headers   etag: '"5976bbea-1511"',
76 verbose headers   'x-npm-region': 'SA-East',
76 verbose headers   'content-encoding': 'gzip',
76 verbose headers   'content-length': '1464',
76 verbose headers   'accept-ranges': 'bytes',
76 verbose headers   date: 'Sat, 14 Apr 2018 17:22:31 GMT',
76 verbose headers   via: '1.1 varnish',
76 verbose headers   age: '0',
76 verbose headers   connection: 'keep-alive',
76 verbose headers   'x-served-by': 'cache-gru17126-GRU',
76 verbose headers   'x-cache': 'MISS',
76 verbose headers   'x-cache-hits': '0',
76 verbose headers   'x-timer': 'S1523726551.923322,VS0,VE217',
76 verbose headers   vary: 'Accept-Encoding, Accept' }
77 silly get cb [ 200,
77 silly get   { 'content-type': 'application/json; charset=UTF-8',
77 silly get     server: 'UploadServer',
77 silly get     'cache-control': 'max-age=300',
77 silly get     'last-modified': 'Tue, 25 Jul 2017 3:32:58 GMT',
77 silly get     etag: '"5976bbea-1511"',
77 silly get     'x-npm-region': 'SA-East',
77 silly get     'content-encoding': 'gzip',
77 silly get     'content-length': '1464',
77 silly get     'accept-ranges': 'bytes',
77 silly get     date: 'Sat, 14 Apr 2018 17:22:31 GMT',
77 silly get     via: '1.1 varnish',
77 silly get     age: '0',
77 silly get     connection: 'keep-alive',
77 silly get     'x-served-by': 'cache-gru17126-GRU',
77 silly get     'x-cache': 'MISS',
77 silly get     'x-cache-hits': '0',
77 silly get     'x-timer': 'S1523726551.923322,VS0,VE217',
77 silly get     vary: 'Accept-Encoding, Accept' } ]
78 verbose get saving node-bin-setup to /home/cardelli/.npm/registry.npmjs.org/node-bin-setup/.cache.json
79 silly resolveWithNewModule node-bin-setup@1.0.6 checking installable status
80 silly cache add args [ 'node-bin-setup@^1.0.0', null ]
81 verbose cache add spec node-bin-setup@^1.0.0
82 silly cache add parsed spec Result {
82 silly cache add   raw: 'node-bin-setup@^1.0.0',
82 silly cache add   scope: null,
82 silly cache add   name: 'node-bin-setup',
82 silly cache add   rawSpec: '^1.0.0',
82 silly cache add   spec: '>=1.0.0 <2.0.0',
82 silly cache add   type: 'range' }
83 silly addNamed node-bin-setup@>=1.0.0 <2.0.0
84 verbose addNamed ">=1.0.0 <2.0.0" is a valid semver range for node-bin-setup
85 silly addNameRange { name: 'node-bin-setup',
85 silly addNameRange   range: '>=1.0.0 <2.0.0',
85 silly addNameRange   hasData: false }
86 silly mapToRegistry name node-bin-setup
87 silly mapToRegistry using default registry
88 silly mapToRegistry registry https://registry.npmjs.org/
89 silly mapToRegistry uri https://registry.npmjs.org/node-bin-setup
90 verbose addNameRange registry:https://registry.npmjs.org/node-bin-setup not in flight; fetching
91 verbose get https://registry.npmjs.org/node-bin-setup not expired, no request
92 silly addNameRange number 2 { name: 'node-bin-setup',
92 silly addNameRange   range: '>=1.0.0 <2.0.0',
92 silly addNameRange   hasData: true }
93 silly addNameRange versions [ 'node-bin-setup',
93 silly addNameRange   [ '1.0.0', '1.0.1', '1.0.2', '1.0.3', '1.0.4', '1.0.6' ] ]
94 silly addNamed node-bin-setup@1.0.6
95 verbose addNamed "1.0.6" is a plain semver version for node-bin-setup
96 silly mapToRegistry name node-bin-setup
97 silly mapToRegistry using default registry
98 silly mapToRegistry registry https://registry.npmjs.org/
99 silly mapToRegistry uri https://registry.npmjs.org/node-bin-setup
100 verbose addRemoteTarball https://registry.npmjs.org/node-bin-setup/-/node-bin-setup-1.0.6.tgz not in flight; adding
101 verbose addRemoteTarball [ 'https://registry.npmjs.org/node-bin-setup/-/node-bin-setup-1.0.6.tgz',
101 verbose addRemoteTarball   '4b5c9bb937ece702d7069b36ca78af4684677528' ]
102 info retry fetch attempt 1 at 14:22:31
103 info attempt registry request try #1 at 14:22:31
104 http fetch GET https://registry.npmjs.org/node-bin-setup/-/node-bin-setup-1.0.6.tgz
105 http fetch 200 https://registry.npmjs.org/node-bin-setup/-/node-bin-setup-1.0.6.tgz
106 silly fetchAndShaCheck shasum 4b5c9bb937ece702d7069b36ca78af4684677528
107 verbose addTmpTarball /tmp/npm-4337-37095220/registry.npmjs.org/node-bin-setup/-/node-bin-setup-1.0.6.tgz not in flight; adding
108 verbose addTmpTarball already have metadata; skipping unpack for node-bin-setup@1.0.6
109 silly cache afterAdd node-bin-setup@1.0.6
110 verbose afterAdd /home/cardelli/.npm/node-bin-setup/1.0.6/package/package.json not in flight; writing
111 verbose afterAdd /home/cardelli/.npm/node-bin-setup/1.0.6/package/package.json written
112 silly loadAllDepsIntoIdealTree Finishing
113 silly idealTree:prePrune DrinkAndGo
113 silly idealTree:prePrune ├── node-bin-setup@1.0.6
113 silly idealTree:prePrune └── node@9.11.0
114 silly loadIdealTree Finishing
115 silly currentTree DrinkAndGo
116 silly idealTree DrinkAndGo
116 silly idealTree ├── node-bin-setup@1.0.6
116 silly idealTree └── node@9.11.0
117 silly generateActionsToTake Starting
118 silly install generateActionsToTake
119 silly generateActionsToTake Finishing
120 silly diffTrees action count 2
121 silly diffTrees add node-bin-setup@1.0.6
122 silly diffTrees add node@9.11.0
123 silly decomposeActions action count 16
124 silly decomposeActions fetch node-bin-setup@1.0.6
125 silly decomposeActions extract node-bin-setup@1.0.6
126 silly decomposeActions test node-bin-setup@1.0.6
127 silly decomposeActions preinstall node-bin-setup@1.0.6
128 silly decomposeActions build node-bin-setup@1.0.6
129 silly decomposeActions install node-bin-setup@1.0.6
130 silly decomposeActions postinstall node-bin-setup@1.0.6
131 silly decomposeActions finalize node-bin-setup@1.0.6
132 silly decomposeActions fetch node@9.11.0
133 silly decomposeActions extract node@9.11.0
134 silly decomposeActions test node@9.11.0
135 silly decomposeActions preinstall node@9.11.0
136 silly decomposeActions build node@9.11.0
137 silly decomposeActions install node@9.11.0
138 silly decomposeActions postinstall node@9.11.0
139 silly decomposeActions finalize node@9.11.0
140 silly executeActions Starting
141 silly install executeActions
142 silly doSerial global-install 0
143 silly doParallel fetch 2
144 verbose lock using /home/cardelli/.npm/_locks/staging-02132d0d00679437.lock for /home/cardelli/Documentos/Projetos/DrinkAndGo/node_modules/.staging
145 silly doParallel extract 2
146 silly extract node-bin-setup@1.0.6
147 silly extract node@9.11.0
148 verbose unbuild node_modules/.staging/node-bin-setup-7eea45d3
149 verbose unbuild node_modules/.staging/node-3151237f
150 silly gentlyRm /home/cardelli/Documentos/Projetos/DrinkAndGo/node_modules/.staging/node-bin-setup-7eea45d3 is being purged from base /home/cardelli/Documentos/Projetos/DrinkAndGo
151 verbose gentlyRm don't care about contents; nuking /home/cardelli/Documentos/Projetos/DrinkAndGo/node_modules/.staging/node-bin-setup-7eea45d3
152 verbose tar unpack /home/cardelli/.npm/node-bin-setup/1.0.6/package.tgz
153 verbose tar unpacking to /home/cardelli/Documentos/Projetos/DrinkAndGo/node_modules/.staging/node-bin-setup-7eea45d3
154 silly gentlyRm /home/cardelli/Documentos/Projetos/DrinkAndGo/node_modules/.staging/node-bin-setup-7eea45d3 is being purged
155 verbose gentlyRm don't care about contents; nuking /home/cardelli/Documentos/Projetos/DrinkAndGo/node_modules/.staging/node-bin-setup-7eea45d3
156 silly gentlyRm /home/cardelli/Documentos/Projetos/DrinkAndGo/node_modules/.staging/node-3151237f is being purged from base /home/cardelli/Documentos/Projetos/DrinkAndGo
157 verbose gentlyRm don't care about contents; nuking /home/cardelli/Documentos/Projetos/DrinkAndGo/node_modules/.staging/node-3151237f
158 silly gunzTarPerm modes [ '755', '644' ]
159 verbose tar unpack /home/cardelli/.npm/node/9.11.0/package.tgz
160 verbose tar unpacking to /home/cardelli/Documentos/Projetos/DrinkAndGo/node_modules/.staging/node-3151237f
161 silly gentlyRm /home/cardelli/Documentos/Projetos/DrinkAndGo/node_modules/.staging/node-3151237f is being purged
162 verbose gentlyRm don't care about contents; nuking /home/cardelli/Documentos/Projetos/DrinkAndGo/node_modules/.staging/node-3151237f
163 silly gunzTarPerm modes [ '755', '644' ]
164 silly gunzTarPerm extractEntry package.json
165 silly gunzTarPerm extractEntry package.json
166 silly gunzTarPerm extractEntry index.js
167 silly gunzTarPerm extractEntry installArchSpecificPackage.js
168 silly gunzTarPerm extractEntry README.md
169 silly gentlyRm /home/cardelli/Documentos/Projetos/DrinkAndGo/node_modules/.staging/node-bin-setup-7eea45d3/node_modules is being purged
170 verbose gentlyRm don't care about contents; nuking /home/cardelli/Documentos/Projetos/DrinkAndGo/node_modules/.staging/node-bin-setup-7eea45d3/node_modules
171 silly gentlyRm /home/cardelli/Documentos/Projetos/DrinkAndGo/node_modules/.staging/node-3151237f/node_modules is being purged
172 verbose gentlyRm don't care about contents; nuking /home/cardelli/Documentos/Projetos/DrinkAndGo/node_modules/.staging/node-3151237f/node_modules
173 silly doParallel preinstall 2
174 silly preinstall node-bin-setup@1.0.6 /home/cardelli/Documentos/Projetos/DrinkAndGo/node_modules/.staging/node-bin-setup-7eea45d3
175 info lifecycle node-bin-setup@1.0.6~preinstall: node-bin-setup@1.0.6
176 silly preinstall node@9.11.0 /home/cardelli/Documentos/Projetos/DrinkAndGo/node_modules/.staging/node-3151237f
177 info lifecycle node@9.11.0~preinstall: node@9.11.0
178 silly lifecycle node-bin-setup@1.0.6~preinstall: no script for preinstall, continuing
179 warn lifecycle node@9.11.0~preinstall: cannot run in wd %s %s (wd=%s) node@9.11.0 node installArchSpecificPackage /home/cardelli/Documentos/Projetos/DrinkAndGo/node_modules/.staging/node-3151237f
180 silly doReverseSerial remove 0
181 silly doSerial move 0
182 silly doSerial finalize 2
183 silly finalize /home/cardelli/Documentos/Projetos/DrinkAndGo/node_modules/node-bin-setup
184 silly finalize /home/cardelli/Documentos/Projetos/DrinkAndGo/node_modules/node
185 silly doSerial build 2
186 silly build node-bin-setup@1.0.6
187 info linkStuff node-bin-setup@1.0.6
188 silly linkStuff node-bin-setup@1.0.6 has /home/cardelli/Documentos/Projetos/DrinkAndGo/node_modules as its parent node_modules
189 verbose linkBins node-bin-setup@1.0.6
190 verbose linkMans node-bin-setup@1.0.6
191 silly build node@9.11.0
192 info linkStuff node@9.11.0
193 silly linkStuff node@9.11.0 has /home/cardelli/Documentos/Projetos/DrinkAndGo/node_modules as its parent node_modules
194 verbose linkBins node@9.11.0
195 verbose link bins [ { node: 'bin/node' },
195 verbose link bins   '/home/cardelli/Documentos/Projetos/DrinkAndGo/node_modules/.bin',
195 verbose link bins   false ]
196 verbose linkMans node@9.11.0
197 verbose unlock done using /home/cardelli/.npm/_locks/staging-02132d0d00679437.lock for /home/cardelli/Documentos/Projetos/DrinkAndGo/node_modules/.staging
198 silly rollbackFailedOptional Starting
199 silly rollbackFailedOptional Finishing
200 silly runTopLevelLifecycles Starting
201 silly runTopLevelLifecycles Finishing
202 silly install printInstalled
203 warn enoent ENOENT: no such file or directory, open '/home/cardelli/Documentos/Projetos/DrinkAndGo/package.json'
204 warn DrinkAndGo No description
205 warn DrinkAndGo No repository field.
206 warn DrinkAndGo No README data
207 warn DrinkAndGo No license field.
208 verbose stack Error: ENOENT: no such file or directory, chmod '/home/cardelli/Documentos/Projetos/DrinkAndGo/node_modules/node/bin/node'
208 verbose stack     at Error (native)
209 verbose cwd /home/cardelli/Documentos/Projetos/DrinkAndGo
210 error Linux 4.13.0-38-generic
211 error argv "/usr/bin/nodejs" "/usr/bin/npm" "install" "node"
212 error node v4.2.6
213 error npm  v3.5.2
214 error path /home/cardelli/Documentos/Projetos/DrinkAndGo/node_modules/node/bin/node
215 error code ENOENT
216 error errno -2
217 error syscall chmod
218 error enoent ENOENT: no such file or directory, chmod '/home/cardelli/Documentos/Projetos/DrinkAndGo/node_modules/node/bin/node'
219 error enoent ENOENT: no such file or directory, chmod '/home/cardelli/Documentos/Projetos/DrinkAndGo/node_modules/node/bin/node'
219 error enoent This is most likely not a problem with npm itself
219 error enoent and is related to npm not being able to find a file.
220 verbose exit [ -2, true ]
